<?xml version="1.0" encoding="UTF-8"?>
<testsuite xmlns:xsi="http://www.w3.org/2001/XMLSchema-instance" xsi:noNamespaceSchemaLocation="https://maven.apache.org/surefire/maven-surefire-plugin/xsd/surefire-test-report.xsd" version="3.0.2" name="com.icdc.insurance.integration.PolicyIntegrationTest" time="9.858" tests="3" errors="0" skipped="0" failures="0">
  <properties>
[...]
</properties>
  <testcase name="testPurchasePolicyEndpoint" classname="com.icdc.insurance.integration.PolicyIntegrationTest" time="0.74">
    <system-out><![CDATA[2025-09-11T10:14:33.378+05:30  INFO 22000 --- [           main] t.c.s.AnnotationConfigContextLoaderUtils : Could not detect default configuration classes for test class [com.icdc.insurance.integration.PolicyIntegrationTest]: PolicyIntegrationTest does not declare any static, non-private, non-final, nested classes annotated with @Configuration.
2025-09-11T10:14:33.424+05:30  INFO 22000 --- [           main] .b.t.c.SpringBootTestContextBootstrapper : Found @SpringBootConfiguration com.icdc.insurance.InsuranceBackendApplication for test class com.icdc.insurance.integration.PolicyIntegrationTest

  .   ____          _            __ _ _
 /\\ / ___'_ __ _ _(_)_ __  __ _ \ \ \ \
( ( )\___ | '_ | '_| | '_ \/ _` | \ \ \ \
 \\/  ___)| |_)| | | | | || (_| |  ) ) ) )
  '  |____| .__|_| |_|_| |_\__, | / / / /
 =========|_|==============|___/=/_/_/_/

 :: Spring Boot ::                (v3.5.5)

2025-09-11T10:14:33.544+05:30  INFO 22000 --- [           main] c.i.i.integration.PolicyIntegrationTest  : Starting PolicyIntegrationTest using Java 21.0.1 with PID 22000 (started by dell in C:\Users\dell\general-vehicle-insurance_ttp2spjs2537_team-4\insurance-backend)
2025-09-11T10:14:33.545+05:30  INFO 22000 --- [           main] c.i.i.integration.PolicyIntegrationTest  : No active profile set, falling back to 1 default profile: "default"
2025-09-11T10:14:35.568+05:30  INFO 22000 --- [           main] .s.d.r.c.RepositoryConfigurationDelegate : Bootstrapping Spring Data JPA repositories in DEFAULT mode.
2025-09-11T10:14:35.680+05:30  INFO 22000 --- [           main] .s.d.r.c.RepositoryConfigurationDelegate : Finished Spring Data repository scanning in 93 ms. Found 4 JPA repository interfaces.
2025-09-11T10:14:36.664+05:30  INFO 22000 --- [           main] o.hibernate.jpa.internal.util.LogHelper  : HHH000204: Processing PersistenceUnitInfo [name: default]
2025-09-11T10:14:36.849+05:30  INFO 22000 --- [           main] org.hibernate.Version                    : HHH000412: Hibernate ORM core version 6.6.26.Final
2025-09-11T10:14:36.946+05:30  INFO 22000 --- [           main] o.h.c.internal.RegionFactoryInitiator    : HHH000026: Second-level cache disabled
2025-09-11T10:14:37.237+05:30  INFO 22000 --- [           main] o.s.o.j.p.SpringPersistenceUnitInfo      : No LoadTimeWeaver setup: ignoring JPA class transformer
2025-09-11T10:14:37.302+05:30  INFO 22000 --- [           main] com.zaxxer.hikari.HikariDataSource       : HikariPool-1 - Starting...
2025-09-11T10:14:38.160+05:30  INFO 22000 --- [           main] com.zaxxer.hikari.pool.HikariPool        : HikariPool-1 - Added connection conn0: url=jdbc:h2:mem:testdb user=SA
2025-09-11T10:14:38.164+05:30  INFO 22000 --- [           main] com.zaxxer.hikari.HikariDataSource       : HikariPool-1 - Start completed.
2025-09-11T10:14:38.304+05:30  INFO 22000 --- [           main] org.hibernate.orm.connections.pooling    : HHH10001005: Database info:
	Database JDBC URL [Connecting through datasource 'HikariDataSource (HikariPool-1)']
	Database driver: undefined/unknown
	Database version: 2.3.232
	Autocommit mode: undefined/unknown
	Isolation level: undefined/unknown
	Minimum pool size: undefined/unknown
	Maximum pool size: undefined/unknown
2025-09-11T10:14:39.543+05:30  INFO 22000 --- [           main] o.h.e.t.j.p.i.JtaPlatformInitiator       : HHH000489: No JTA platform available (set 'hibernate.transaction.jta.platform' to enable JTA platform integration)
2025-09-11T10:14:39.646+05:30 DEBUG 22000 --- [           main] org.hibernate.SQL                        : create table app_users (id bigint generated by default as identity, email varchar(255), full_name varchar(255), password varchar(255), primary key (id))
Hibernate: create table app_users (id bigint generated by default as identity, email varchar(255), full_name varchar(255), password varchar(255), primary key (id))
2025-09-11T10:14:39.692+05:30 DEBUG 22000 --- [           main] org.hibernate.SQL                        : create table policies (id bigint generated by default as identity, end_date date, policy_no varchar(255), premium float(53), start_date date, status varchar(255), product_id bigint, user_id bigint, vehicle_id bigint, primary key (id))
Hibernate: create table policies (id bigint generated by default as identity, end_date date, policy_no varchar(255), premium float(53), start_date date, status varchar(255), product_id bigint, user_id bigint, vehicle_id bigint, primary key (id))
2025-09-11T10:14:39.695+05:30 DEBUG 22000 --- [           main] org.hibernate.SQL                        : create table policy_products (id bigint generated by default as identity, base_premium float(53), name varchar(255), tenure_months integer, primary key (id))
Hibernate: create table policy_products (id bigint generated by default as identity, base_premium float(53), name varchar(255), tenure_months integer, primary key (id))
2025-09-11T10:14:39.697+05:30 DEBUG 22000 --- [           main] org.hibernate.SQL                        : create table vehicles (id bigint generated by default as identity, idv float(53), model varchar(255), registration_no varchar(255), user_id bigint, primary key (id))
Hibernate: create table vehicles (id bigint generated by default as identity, idv float(53), model varchar(255), registration_no varchar(255), user_id bigint, primary key (id))
2025-09-11T10:14:39.700+05:30 DEBUG 22000 --- [           main] org.hibernate.SQL                        : alter table if exists policies drop constraint if exists UKd27t4fo4735lcedivrfo0ie5i
Hibernate: alter table if exists policies drop constraint if exists UKd27t4fo4735lcedivrfo0ie5i
2025-09-11T10:14:39.702+05:30 DEBUG 22000 --- [           main] org.hibernate.SQL                        : alter table if exists policies add constraint UKd27t4fo4735lcedivrfo0ie5i unique (policy_no)
Hibernate: alter table if exists policies add constraint UKd27t4fo4735lcedivrfo0ie5i unique (policy_no)
2025-09-11T10:14:39.709+05:30 DEBUG 22000 --- [           main] org.hibernate.SQL                        : alter table if exists policies add constraint FKlv4gb0fa36l4omarqxyo55827 foreign key (product_id) references policy_products
Hibernate: alter table if exists policies add constraint FKlv4gb0fa36l4omarqxyo55827 foreign key (product_id) references policy_products
2025-09-11T10:14:39.739+05:30 DEBUG 22000 --- [           main] org.hibernate.SQL                        : alter table if exists policies add constraint FK4du8hlma1e8tm4rtdyv5gghck foreign key (user_id) references app_users
Hibernate: alter table if exists policies add constraint FK4du8hlma1e8tm4rtdyv5gghck foreign key (user_id) references app_users
2025-09-11T10:14:39.744+05:30 DEBUG 22000 --- [           main] org.hibernate.SQL                        : alter table if exists policies add constraint FKg9h4l7845s9gk38bnqnsauvkm foreign key (vehicle_id) references vehicles
Hibernate: alter table if exists policies add constraint FKg9h4l7845s9gk38bnqnsauvkm foreign key (vehicle_id) references vehicles
2025-09-11T10:14:39.748+05:30 DEBUG 22000 --- [           main] org.hibernate.SQL                        : alter table if exists vehicles add constraint FKp14ph8coc2hum4fn2fc0trjok foreign key (user_id) references app_users
Hibernate: alter table if exists vehicles add constraint FKp14ph8coc2hum4fn2fc0trjok foreign key (user_id) references app_users
2025-09-11T10:14:39.755+05:30  INFO 22000 --- [           main] j.LocalContainerEntityManagerFactoryBean : Initialized JPA EntityManagerFactory for persistence unit 'default'
2025-09-11T10:14:40.806+05:30  WARN 22000 --- [           main] JpaBaseConfiguration$JpaWebConfiguration : spring.jpa.open-in-view is enabled by default. Therefore, database queries may be performed during view rendering. Explicitly configure spring.jpa.open-in-view to disable this warning
2025-09-11T10:14:40.830+05:30  INFO 22000 --- [           main] o.s.b.a.w.s.WelcomePageHandlerMapping    : Adding welcome page: class path resource [static/index.html]
2025-09-11T10:14:41.338+05:30  INFO 22000 --- [           main] o.s.b.a.e.web.EndpointLinksResolver      : Exposing 2 endpoints beneath base path '/actuator'
2025-09-11T10:14:41.450+05:30  WARN 22000 --- [           main] .s.s.UserDetailsServiceAutoConfiguration : 

Using generated security password: 235ad0bb-40cf-4874-979b-8dd992d245c3

This generated password is for development use only. Your security configuration must be updated before running your application in production.

2025-09-11T10:14:41.456+05:30  INFO 22000 --- [           main] r$InitializeUserDetailsManagerConfigurer : Global AuthenticationManager configured with UserDetailsService bean with name inMemoryUserDetailsManager
2025-09-11T10:14:42.057+05:30  INFO 22000 --- [           main] o.s.b.a.h2.H2ConsoleAutoConfiguration    : H2 console available at '/h2-console'. Database available at 'jdbc:h2:mem:testdb'
2025-09-11T10:14:42.096+05:30  INFO 22000 --- [           main] o.s.b.t.m.w.SpringBootMockServletContext : Initializing Spring TestDispatcherServlet ''
2025-09-11T10:14:42.097+05:30  INFO 22000 --- [           main] o.s.t.web.servlet.TestDispatcherServlet  : Initializing Servlet ''
2025-09-11T10:14:42.100+05:30  INFO 22000 --- [           main] o.s.t.web.servlet.TestDispatcherServlet  : Completed initialization in 3 ms
2025-09-11T10:14:42.235+05:30  INFO 22000 --- [           main] c.i.i.integration.PolicyIntegrationTest  : Started PolicyIntegrationTest in 8.792 seconds (process running for 18.555)
2025-09-11T10:14:42.462+05:30 DEBUG 22000 --- [           main] org.hibernate.SQL                        : select p1_0.id,p1_0.end_date,p1_0.policy_no,p1_0.premium,p1_0.product_id,p1_0.start_date,p1_0.status,p1_0.user_id,p1_0.vehicle_id from policies p1_0
Hibernate: select p1_0.id,p1_0.end_date,p1_0.policy_no,p1_0.premium,p1_0.product_id,p1_0.start_date,p1_0.status,p1_0.user_id,p1_0.vehicle_id from policies p1_0
2025-09-11T10:14:42.509+05:30 DEBUG 22000 --- [           main] org.hibernate.SQL                        : select v1_0.id,v1_0.idv,v1_0.model,v1_0.registration_no,v1_0.user_id from vehicles v1_0
Hibernate: select v1_0.id,v1_0.idv,v1_0.model,v1_0.registration_no,v1_0.user_id from vehicles v1_0
2025-09-11T10:14:42.512+05:30 DEBUG 22000 --- [           main] org.hibernate.SQL                        : select u1_0.id,u1_0.email,u1_0.full_name,u1_0.password from app_users u1_0
Hibernate: select u1_0.id,u1_0.email,u1_0.full_name,u1_0.password from app_users u1_0
2025-09-11T10:14:42.516+05:30 DEBUG 22000 --- [           main] org.hibernate.SQL                        : select pp1_0.id,pp1_0.base_premium,pp1_0.name,pp1_0.tenure_months from policy_products pp1_0
Hibernate: select pp1_0.id,pp1_0.base_premium,pp1_0.name,pp1_0.tenure_months from policy_products pp1_0
2025-09-11T10:14:42.557+05:30 DEBUG 22000 --- [           main] org.hibernate.SQL                        : insert into app_users (email,full_name,password,id) values (?,?,?,default)
Hibernate: insert into app_users (email,full_name,password,id) values (?,?,?,default)
2025-09-11T10:14:42.595+05:30 DEBUG 22000 --- [           main] org.hibernate.SQL                        : insert into policy_products (base_premium,name,tenure_months,id) values (?,?,?,default)
Hibernate: insert into policy_products (base_premium,name,tenure_months,id) values (?,?,?,default)
2025-09-11T10:14:42.602+05:30 DEBUG 22000 --- [           main] org.hibernate.SQL                        : insert into vehicles (idv,model,registration_no,user_id,id) values (?,?,?,?,default)
Hibernate: insert into vehicles (idv,model,registration_no,user_id,id) values (?,?,?,?,default)
Processing card payment for user 1
2025-09-11T10:14:42.885+05:30 DEBUG 22000 --- [           main] org.hibernate.SQL                        : insert into policies (end_date,policy_no,premium,product_id,start_date,status,user_id,vehicle_id,id) values (?,?,?,?,?,?,?,?,default)
Hibernate: insert into policies (end_date,policy_no,premium,product_id,start_date,status,user_id,vehicle_id,id) values (?,?,?,?,?,?,?,?,default)
]]></system-out>
  </testcase>
  <testcase name="testGetPoliciesByUserEndpoint" classname="com.icdc.insurance.integration.PolicyIntegrationTest" time="0.141">
    <system-out><![CDATA[2025-09-11T10:14:43.003+05:30 DEBUG 22000 --- [           main] org.hibernate.SQL                        : select p1_0.id,p1_0.end_date,p1_0.policy_no,p1_0.premium,p1_0.product_id,p1_0.start_date,p1_0.status,p1_0.user_id,p1_0.vehicle_id from policies p1_0
Hibernate: select p1_0.id,p1_0.end_date,p1_0.policy_no,p1_0.premium,p1_0.product_id,p1_0.start_date,p1_0.status,p1_0.user_id,p1_0.vehicle_id from policies p1_0
2025-09-11T10:14:43.009+05:30 DEBUG 22000 --- [           main] org.hibernate.SQL                        : select v1_0.id,v1_0.idv,v1_0.model,v1_0.registration_no,v1_0.user_id from vehicles v1_0
Hibernate: select v1_0.id,v1_0.idv,v1_0.model,v1_0.registration_no,v1_0.user_id from vehicles v1_0
2025-09-11T10:14:43.017+05:30 DEBUG 22000 --- [           main] org.hibernate.SQL                        : select u1_0.id,u1_0.email,u1_0.full_name,u1_0.password from app_users u1_0
Hibernate: select u1_0.id,u1_0.email,u1_0.full_name,u1_0.password from app_users u1_0
2025-09-11T10:14:43.020+05:30 DEBUG 22000 --- [           main] org.hibernate.SQL                        : select pp1_0.id,pp1_0.base_premium,pp1_0.name,pp1_0.tenure_months from policy_products pp1_0
Hibernate: select pp1_0.id,pp1_0.base_premium,pp1_0.name,pp1_0.tenure_months from policy_products pp1_0
2025-09-11T10:14:43.023+05:30 DEBUG 22000 --- [           main] org.hibernate.SQL                        : insert into app_users (email,full_name,password,id) values (?,?,?,default)
Hibernate: insert into app_users (email,full_name,password,id) values (?,?,?,default)
2025-09-11T10:14:43.027+05:30 DEBUG 22000 --- [           main] org.hibernate.SQL                        : insert into policy_products (base_premium,name,tenure_months,id) values (?,?,?,default)
Hibernate: insert into policy_products (base_premium,name,tenure_months,id) values (?,?,?,default)
2025-09-11T10:14:43.030+05:30 DEBUG 22000 --- [           main] org.hibernate.SQL                        : insert into vehicles (idv,model,registration_no,user_id,id) values (?,?,?,?,default)
Hibernate: insert into vehicles (idv,model,registration_no,user_id,id) values (?,?,?,?,default)
Processing UPI payment for user 2
2025-09-11T10:14:43.042+05:30 DEBUG 22000 --- [           main] org.hibernate.SQL                        : insert into policies (end_date,policy_no,premium,product_id,start_date,status,user_id,vehicle_id,id) values (?,?,?,?,?,?,?,?,default)
Hibernate: insert into policies (end_date,policy_no,premium,product_id,start_date,status,user_id,vehicle_id,id) values (?,?,?,?,?,?,?,?,default)
2025-09-11T10:14:43.095+05:30 DEBUG 22000 --- [           main] org.hibernate.SQL                        : select p1_0.id,p1_0.end_date,p1_0.policy_no,p1_0.premium,p1_0.product_id,p1_0.start_date,p1_0.status,p1_0.user_id,p1_0.vehicle_id from policies p1_0 left join app_users u1_0 on u1_0.id=p1_0.user_id where u1_0.id=?
Hibernate: select p1_0.id,p1_0.end_date,p1_0.policy_no,p1_0.premium,p1_0.product_id,p1_0.start_date,p1_0.status,p1_0.user_id,p1_0.vehicle_id from policies p1_0 left join app_users u1_0 on u1_0.id=p1_0.user_id where u1_0.id=?
]]></system-out>
  </testcase>
  <testcase name="testQuoteEndpoint" classname="com.icdc.insurance.integration.PolicyIntegrationTest" time="0.089">
    <system-out><![CDATA[2025-09-11T10:14:43.143+05:30 DEBUG 22000 --- [           main] org.hibernate.SQL                        : select p1_0.id,p1_0.end_date,p1_0.policy_no,p1_0.premium,p1_0.product_id,p1_0.start_date,p1_0.status,p1_0.user_id,p1_0.vehicle_id from policies p1_0
Hibernate: select p1_0.id,p1_0.end_date,p1_0.policy_no,p1_0.premium,p1_0.product_id,p1_0.start_date,p1_0.status,p1_0.user_id,p1_0.vehicle_id from policies p1_0
2025-09-11T10:14:43.150+05:30 DEBUG 22000 --- [           main] org.hibernate.SQL                        : select v1_0.id,v1_0.idv,v1_0.model,v1_0.registration_no,v1_0.user_id from vehicles v1_0
Hibernate: select v1_0.id,v1_0.idv,v1_0.model,v1_0.registration_no,v1_0.user_id from vehicles v1_0
2025-09-11T10:14:43.153+05:30 DEBUG 22000 --- [           main] org.hibernate.SQL                        : select u1_0.id,u1_0.email,u1_0.full_name,u1_0.password from app_users u1_0
Hibernate: select u1_0.id,u1_0.email,u1_0.full_name,u1_0.password from app_users u1_0
2025-09-11T10:14:43.160+05:30 DEBUG 22000 --- [           main] org.hibernate.SQL                        : select pp1_0.id,pp1_0.base_premium,pp1_0.name,pp1_0.tenure_months from policy_products pp1_0
Hibernate: select pp1_0.id,pp1_0.base_premium,pp1_0.name,pp1_0.tenure_months from policy_products pp1_0
2025-09-11T10:14:43.162+05:30 DEBUG 22000 --- [           main] org.hibernate.SQL                        : insert into app_users (email,full_name,password,id) values (?,?,?,default)
Hibernate: insert into app_users (email,full_name,password,id) values (?,?,?,default)
2025-09-11T10:14:43.167+05:30 DEBUG 22000 --- [           main] org.hibernate.SQL                        : insert into policy_products (base_premium,name,tenure_months,id) values (?,?,?,default)
Hibernate: insert into policy_products (base_premium,name,tenure_months,id) values (?,?,?,default)
2025-09-11T10:14:43.169+05:30 DEBUG 22000 --- [           main] org.hibernate.SQL                        : insert into vehicles (idv,model,registration_no,user_id,id) values (?,?,?,?,default)
Hibernate: insert into vehicles (idv,model,registration_no,user_id,id) values (?,?,?,?,default)
]]></system-out>
  </testcase>
</testsuite>