<?xml version="1.0" encoding="UTF-8"?>
<testsuite xmlns:xsi="http://www.w3.org/2001/XMLSchema-instance" xsi:noNamespaceSchemaLocation="https://maven.apache.org/surefire/maven-surefire-plugin/xsd/surefire-test-report.xsd" version="3.0.2" name="com.icdc.insurance.repo.UserRepositoryTest" time="0.047" tests="1" errors="0" skipped="0" failures="0">
  <properties>
[...]
</properties>
  <testcase name="testFindByEmail" classname="com.icdc.insurance.repo.UserRepositoryTest" time="0.018">
    <system-out><![CDATA[2025-09-11T00:07:54.146+05:30  INFO 21280 --- [           main] t.c.s.AnnotationConfigContextLoaderUtils : Could not detect default configuration classes for test class [com.icdc.insurance.repo.UserRepositoryTest]: UserRepositoryTest does not declare any static, non-private, non-final, nested classes annotated with @Configuration.
2025-09-11T00:07:54.165+05:30  INFO 21280 --- [           main] .b.t.c.SpringBootTestContextBootstrapper : Found @SpringBootConfiguration com.icdc.insurance.InsuranceBackendApplication for test class com.icdc.insurance.repo.UserRepositoryTest
Hibernate: select u1_0.id,u1_0.email,u1_0.full_name,u1_0.password from app_users u1_0
Hibernate: insert into app_users (email,full_name,password,id) values (?,?,?,default)
Hibernate: select u1_0.id,u1_0.email,u1_0.full_name,u1_0.password from app_users u1_0 where u1_0.email=?
]]></system-out>
  </testcase>
</testsuite>